Determining if the pthread_create exist failed with the following output:
Change Dir: /home/cs488/cs488-backup/shared/glfw-3.3/build/CMakeFiles/CMakeTmp

Run Build Command:"/usr/bin/make" "cmTC_01c61/fast"
/usr/bin/make -f CMakeFiles/cmTC_01c61.dir/build.make CMakeFiles/cmTC_01c61.dir/build
make[1]: Entering directory '/home/cs488/cs488-backup/shared/glfw-3.3/build/CMakeFiles/CMakeTmp'
Building C object CMakeFiles/cmTC_01c61.dir/CheckSymbolExists.c.o
/usr/bin/cc    -o CMakeFiles/cmTC_01c61.dir/CheckSymbolExists.c.o   -c /home/cs488/cs488-backup/shared/glfw-3.3/build/CMakeFiles/CMakeTmp/CheckSymbolExists.c
Linking C executable cmTC_01c61
/usr/bin/cmake -E cmake_link_script CMakeFiles/cmTC_01c61.dir/link.txt --verbose=1
/usr/bin/cc      -rdynamic CMakeFiles/cmTC_01c61.dir/CheckSymbolExists.c.o  -o cmTC_01c61 
CMakeFiles/cmTC_01c61.dir/CheckSymbolExists.c.o: In function `main':
CheckSymbolExists.c:(.text+0x1b): undefined reference to `pthread_create'
collect2: error: ld returned 1 exit status
CMakeFiles/cmTC_01c61.dir/build.make:97: recipe for target 'cmTC_01c61' failed
make[1]: *** [cmTC_01c61] Error 1
make[1]: Leaving directory '/home/cs488/cs488-backup/shared/glfw-3.3/build/CMakeFiles/CMakeTmp'
Makefile:126: recipe for target 'cmTC_01c61/fast' failed
make: *** [cmTC_01c61/fast] Error 2

File /home/cs488/cs488-backup/shared/glfw-3.3/build/CMakeFiles/CMakeTmp/CheckSymbolExists.c:
/* */
#include <pthread.h>

int main(int argc, char** argv)
{
  (void)argv;
#ifndef pthread_create
  return ((int*)(&pthread_create))[argc];
#else
  (void)argc;
  return 0;
#endif
}

Determining if the function pthread_create exists in the pthreads failed with the following output:
Change Dir: /home/cs488/cs488-backup/shared/glfw-3.3/build/CMakeFiles/CMakeTmp

Run Build Command:"/usr/bin/make" "cmTC_4a44b/fast"
/usr/bin/make -f CMakeFiles/cmTC_4a44b.dir/build.make CMakeFiles/cmTC_4a44b.dir/build
make[1]: Entering directory '/home/cs488/cs488-backup/shared/glfw-3.3/build/CMakeFiles/CMakeTmp'
Building C object CMakeFiles/cmTC_4a44b.dir/CheckFunctionExists.c.o
/usr/bin/cc   -DCHECK_FUNCTION_EXISTS=pthread_create   -o CMakeFiles/cmTC_4a44b.dir/CheckFunctionExists.c.o   -c /usr/share/cmake-3.10/Modules/CheckFunctionExists.c
Linking C executable cmTC_4a44b
/usr/bin/cmake -E cmake_link_script CMakeFiles/cmTC_4a44b.dir/link.txt --verbose=1
/usr/bin/cc  -DCHECK_FUNCTION_EXISTS=pthread_create    -rdynamic CMakeFiles/cmTC_4a44b.dir/CheckFunctionExists.c.o  -o cmTC_4a44b -lpthreads 
/usr/bin/ld: cannot find -lpthreads
collect2: error: ld returned 1 exit status
CMakeFiles/cmTC_4a44b.dir/build.make:97: recipe for target 'cmTC_4a44b' failed
make[1]: *** [cmTC_4a44b] Error 1
make[1]: Leaving directory '/home/cs488/cs488-backup/shared/glfw-3.3/build/CMakeFiles/CMakeTmp'
Makefile:126: recipe for target 'cmTC_4a44b/fast' failed
make: *** [cmTC_4a44b/fast] Error 2


